<?xml version="1.0" encoding="UTF-8"?>
<testsuites name="Mocha Tests" time="0.077" tests="0" failures="1">
  <testsuite name="Root Suite" timestamp="2018-06-14T10:23:50" tests="0" failures="0" time="0">
  </testsuite>
  <testsuite name="CodePush Cordova Plugin" timestamp="2018-06-14T10:23:50" tests="0" file="/Users/nickolai.toropov/Projects/cordova-plugin-code-push/bin/test/test.js" failures="0" time="0">
  </testsuite>
  <testsuite name="Tests /Users/nickolai.toropov/Projects/cordova-plugin-code-push on android" timestamp="2018-06-14T10:23:50" tests="0" file="/Users/nickolai.toropov/Projects/cordova-plugin-code-push/bin/test/test.js" failures="0" time="0">
  </testsuite>
  <testsuite name="window.codePush" timestamp="2018-06-14T10:23:50" tests="0" file="/Users/nickolai.toropov/Projects/cordova-plugin-code-push/bin/test/test.js" failures="1" time="0.077">
    <testcase name="CodePush Cordova Plugin Tests /Users/nickolai.toropov/Projects/cordova-plugin-code-push on android window.codePush &quot;before all&quot; hook" time="0.077" classname="&quot;before all&quot; hook">
      <failure><![CDATA[Error: Command failed: adb uninstall com.microsoft.codepush.test

Exception occurred while executing:
java.lang.IllegalArgumentException: Unknown package: com.microsoft.codepush.test
	at com.android.server.pm.Settings.isOrphaned(Settings.java:4409)
	at com.android.server.pm.PackageManagerService.isOrphaned(PackageManagerService.java:22197)
	at com.android.server.pm.PackageManagerService.deletePackageVersioned(PackageManagerService.java:19116)
	at com.android.server.pm.PackageInstallerService.uninstall(PackageInstallerService.java:745)
	at com.android.server.pm.PackageManagerShellCommand.runUninstall(PackageManagerShellCommand.java:929)
	at com.android.server.pm.PackageManagerShellCommand.onCommand(PackageManagerShellCommand.java:134)
	at android.os.ShellCommand.exec(ShellCommand.java:96)
	at com.android.server.pm.PackageManagerService.onShellCommand(PackageManagerService.java:22497)
	at android.os.Binder.shellCommand(Binder.java:594)
	at android.os.Binder.onTransact(Binder.java:492)
	at android.content.pm.IPackageManager$Stub.onTransact(IPackageManager.java:2658)
	at com.android.server.pm.PackageManagerService.onTransact(PackageManagerService.java:3773)
	at android.os.Binder.execTransact(Binder.java:697)

    at ChildProcess.exithandler (child_process.js:275:12)
    at maybeClose (internal/child_process.js:925:16)
    at Socket.stream.socket.on (internal/child_process.js:346:11)
    at Pipe._handle.close [as _onclose] (net.js:567:12)]]></failure>
    </testcase>
  </testsuite>
</testsuites>